# JRE version: OpenJDK Runtime Environment (8.0_242-b01) (build 1.8.0_242-release-1644-b01)
# Java VM: OpenJDK 64-Bit Server VM (25.242-b01 mixed mode windows-amd64 compressed oops)
Heap:
 PSYoungGen      total 408576K, used 139299K [0x00000000d5580000, 0x00000000f0b00000, 0x0000000100000000)
  eden space 386048K, 30% used [0x00000000d5580000,0x00000000dc79f9e0,0x00000000ece80000)
  from space 22528K, 99% used [0x00000000ef500000,0x00000000f0ae92c8,0x00000000f0b00000)
  to   space 29184K, 0% used [0x00000000ed200000,0x00000000ed200000,0x00000000eee80000)
 ParOldGen       total 108032K, used 60396K [0x0000000080000000, 0x0000000086980000, 0x00000000d5580000)
  object space 108032K, 55% used [0x0000000080000000,0x0000000083afb368,0x0000000086980000)
 Metaspace       used 84225K, capacity 88480K, committed 90008K, reserved 1126400K
  class space    used 11186K, capacity 11985K, committed 12464K, reserved 1048576K
GC Heap History (10 events):
Event: 37.994 GC heap before
{Heap before GC invocations=18 (full 3):
 PSYoungGen      total 223232K, used 9646K [0x00000000d5580000, 0x00000000ea980000, 0x0000000100000000)
  eden space 205824K, 0% used [0x00000000d5580000,0x00000000d5580000,0x00000000e1e80000)
  from space 17408K, 55% used [0x00000000e1e80000,0x00000000e27eb898,0x00000000e2f80000)
  to   space 17408K, 0% used [0x00000000e9880000,0x00000000e9880000,0x00000000ea980000)
 ParOldGen       total 39424K, used 33288K [0x0000000080000000, 0x0000000082680000, 0x00000000d5580000)
  object space 39424K, 84% used [0x0000000080000000,0x0000000082082270,0x0000000082680000)
 Metaspace       used 56760K, capacity 59084K, committed 59160K, reserved 1099776K
  class space    used 7754K, capacity 8223K, committed 8240K, reserved 1048576K
Event: 39.459 GC heap after
Heap after GC invocations=18 (full 3):
 PSYoungGen      total 223232K, used 0K [0x00000000d5580000, 0x00000000ea980000, 0x0000000100000000)
  eden space 205824K, 0% used [0x00000000d5580000,0x00000000d5580000,0x00000000e1e80000)
  from space 17408K, 0% used [0x00000000e1e80000,0x00000000e1e80000,0x00000000e2f80000)
  to   space 17408K, 0% used [0x00000000e9880000,0x00000000e9880000,0x00000000ea980000)
 ParOldGen       total 72704K, used 36551K [0x0000000080000000, 0x0000000084700000, 0x00000000d5580000)
  object space 72704K, 50% used [0x0000000080000000,0x00000000823b1f58,0x0000000084700000)
 Metaspace       used 56760K, capacity 59084K, committed 59160K, reserved 1099776K
  class space    used 7754K, capacity 8223K, committed 8240K, reserved 1048576K
}
Event: 57.987 GC heap before
{Heap before GC invocations=19 (full 3):
 PSYoungGen      total 223232K, used 205824K [0x00000000d5580000, 0x00000000ea980000, 0x0000000100000000)
  eden space 205824K, 100% used [0x00000000d5580000,0x00000000e1e80000,0x00000000e1e80000)
  from space 17408K, 0% used [0x00000000e1e80000,0x00000000e1e80000,0x00000000e2f80000)
  to   space 17408K, 0% used [0x00000000e9880000,0x00000000e9880000,0x00000000ea980000)
 ParOldGen       total 72704K, used 36551K [0x0000000080000000, 0x0000000084700000, 0x00000000d5580000)
  object space 72704K, 50% used [0x0000000080000000,0x00000000823b1f58,0x0000000084700000)
 Metaspace       used 65076K, capacity 68076K, committed 68248K, reserved 1107968K
  class space    used 8958K, capacity 9551K, committed 9648K, reserved 1048576K
Event: 61.498 GC heap after
Heap after GC invocations=19 (full 3):
 PSYoungGen      total 316928K, used 17397K [0x00000000d5580000, 0x00000000eab00000, 0x0000000100000000)
  eden space 299520K, 0% used [0x00000000d5580000,0x00000000d5580000,0x00000000e7a00000)
  from space 17408K, 99% used [0x00000000e9880000,0x00000000ea97d5d8,0x00000000ea980000)
  to   space 25088K, 0% used [0x00000000e7a00000,0x00000000e7a00000,0x00000000e9280000)
 ParOldGen       total 72704K, used 50051K [0x0000000080000000, 0x0000000084700000, 0x00000000d5580000)
  object space 72704K, 68% used [0x0000000080000000,0x00000000830e0c68,0x0000000084700000)
 Metaspace       used 65076K, capacity 68076K, committed 68248K, reserved 1107968K
  class space    used 8958K, capacity 9551K, committed 9648K, reserved 1048576K
}
Event: 144.048 GC heap before
{Heap before GC invocations=20 (full 3):
 PSYoungGen      total 316928K, used 316917K [0x00000000d5580000, 0x00000000eab00000, 0x0000000100000000)
  eden space 299520K, 100% used [0x00000000d5580000,0x00000000e7a00000,0x00000000e7a00000)
  from space 17408K, 99% used [0x00000000e9880000,0x00000000ea97d5d8,0x00000000ea980000)
  to   space 25088K, 0% used [0x00000000e7a00000,0x00000000e7a00000,0x00000000e9280000)
 ParOldGen       total 72704K, used 50051K [0x0000000080000000, 0x0000000084700000, 0x00000000d5580000)
  object space 72704K, 68% used [0x0000000080000000,0x00000000830e0c68,0x0000000084700000)
 Metaspace       used 76897K, capacity 82166K, committed 82328K, reserved 1120256K
  class space    used 10738K, capacity 11668K, committed 11696K, reserved 1048576K
Event: 175.045 GC heap after
Heap after GC invocations=20 (full 3):
 PSYoungGen      total 324608K, used 16597K [0x00000000d5580000, 0x00000000f0e80000, 0x0000000100000000)
  eden space 299520K, 0% used [0x00000000d5580000,0x00000000d5580000,0x00000000e7a00000)
  from space 25088K, 66% used [0x00000000e7a00000,0x00000000e8a35680,0x00000000e9280000)
  to   space 26112K, 0% used [0x00000000ef500000,0x00000000ef500000,0x00000000f0e80000)
 ParOldGen       total 72704K, used 66414K [0x0000000080000000, 0x0000000084700000, 0x00000000d5580000)
  object space 72704K, 91% used [0x0000000080000000,0x00000000840db9e8,0x0000000084700000)
 Metaspace       used 76897K, capacity 82166K, committed 82328K, reserved 1120256K
  class space    used 10738K, capacity 11668K, committed 11696K, reserved 1048576K
}
Event: 175.093 GC heap before
{Heap before GC invocations=21 (full 4):
 PSYoungGen      total 324608K, used 16597K [0x00000000d5580000, 0x00000000f0e80000, 0x0000000100000000)
  eden space 299520K, 0% used [0x00000000d5580000,0x00000000d5580000,0x00000000e7a00000)
  from space 25088K, 66% used [0x00000000e7a00000,0x00000000e8a35680,0x00000000e9280000)
  to   space 26112K, 0% used [0x00000000ef500000,0x00000000ef500000,0x00000000f0e80000)
 ParOldGen       total 72704K, used 66414K [0x0000000080000000, 0x0000000084700000, 0x00000000d5580000)
  object space 72704K, 91% used [0x0000000080000000,0x00000000840db9e8,0x0000000084700000)
 Metaspace       used 76897K, capacity 82166K, committed 82328K, reserved 1120256K
  class space    used 10738K, capacity 11668K, committed 11696K, reserved 1048576K
Event: 188.792 GC heap after
Heap after GC invocations=21 (full 4):
 PSYoungGen      total 324608K, used 0K [0x00000000d5580000, 0x00000000f0e80000, 0x0000000100000000)
  eden space 299520K, 0% used [0x00000000d5580000,0x00000000d5580000,0x00000000e7a00000)
  from space 25088K, 0% used [0x00000000e7a00000,0x00000000e7a00000,0x00000000e9280000)
  to   space 26112K, 0% used [0x00000000ef500000,0x00000000ef500000,0x00000000f0e80000)
 ParOldGen       total 108032K, used 60388K [0x0000000080000000, 0x0000000086980000, 0x00000000d5580000)
  object space 108032K, 55% used [0x0000000080000000,0x0000000083af9368,0x0000000086980000)
 Metaspace       used 76137K, capacity 80108K, committed 82328K, reserved 1120256K
  class space    used 10475K, capacity 11207K, committed 11696K, reserved 1048576K
}
Event: 334.829 GC heap before
{Heap before GC invocations=22 (full 4):
 PSYoungGen      total 324608K, used 299520K [0x00000000d5580000, 0x00000000f0e80000, 0x0000000100000000)
  eden space 299520K, 100% used [0x00000000d5580000,0x00000000e7a00000,0x00000000e7a00000)
  from space 25088K, 0% used [0x00000000e7a00000,0x00000000e7a00000,0x00000000e9280000)
  to   space 26112K, 0% used [0x00000000ef500000,0x00000000ef500000,0x00000000f0e80000)
 ParOldGen       total 108032K, used 60388K [0x0000000080000000, 0x0000000086980000, 0x00000000d5580000)
  object space 108032K, 55% used [0x0000000080000000,0x0000000083af9368,0x0000000086980000)
 Metaspace       used 84064K, capacity 88278K, committed 89880K, reserved 1126400K
  class space    used 11179K, capacity 11950K, committed 12336K, reserved 1048576K
Event: 343.930 GC heap after
Heap after GC invocations=22 (full 4):
 PSYoungGen      total 408576K, used 22436K [0x00000000d5580000, 0x00000000f0b00000, 0x0000000100000000)
  eden space 386048K, 0% used [0x00000000d5580000,0x00000000d5580000,0x00000000ece80000)
  from space 22528K, 99% used [0x00000000ef500000,0x00000000f0ae92c8,0x00000000f0b00000)
  to   space 29184K, 0% used [0x00000000ed200000,0x00000000ed200000,0x00000000eee80000)
 ParOldGen       total 108032K, used 60396K [0x0000000080000000, 0x0000000086980000, 0x00000000d5580000)
  object space 108032K, 55% used [0x0000000080000000,0x0000000083afb368,0x0000000086980000)
 Metaspace       used 84064K, capacity 88278K, committed 89880K, reserved 1126400K
  class space    used 11179K, capacity 11950K, committed 12336K, reserved 1048576K
}

