# JRE version: OpenJDK Runtime Environment (8.0_242-b01) (build 1.8.0_242-release-1644-b01)
# Java VM: OpenJDK 64-Bit Server VM (25.242-b01 mixed mode windows-amd64 compressed oops)
Heap:
 PSYoungGen      total 138240K, used 54745K [0x00000000d5580000, 0x00000000e0000000, 0x0000000100000000)
  eden space 128512K, 42% used [0x00000000d5580000,0x00000000d8af64e0,0x00000000dd300000)
  from space 9728K, 0% used [0x00000000ddc80000,0x00000000ddc80000,0x00000000de600000)
  to   space 9728K, 0% used [0x00000000dd300000,0x00000000dd300000,0x00000000ddc80000)
 ParOldGen       total 44544K, used 13445K [0x0000000080000000, 0x0000000082b80000, 0x00000000d5580000)
  object space 44544K, 30% used [0x0000000080000000,0x0000000080d21770,0x0000000082b80000)
 Metaspace       used 36344K, capacity 37728K, committed 37928K, reserved 1081344K
  class space    used 4995K, capacity 5315K, committed 5424K, reserved 1048576K
GC Heap History (10 events):
Event: 9.518 GC heap before
{Heap before GC invocations=10 (full 1):
 PSYoungGen      total 71680K, used 5696K [0x00000000d5580000, 0x00000000dc980000, 0x0000000100000000)
  eden space 64512K, 0% used [0x00000000d5580000,0x00000000d5580000,0x00000000d9480000)
  from space 7168K, 79% used [0x00000000d9480000,0x00000000d9a102f0,0x00000000d9b80000)
  to   space 7680K, 0% used [0x00000000dc200000,0x00000000dc200000,0x00000000dc980000)
 ParOldGen       total 44032K, used 6708K [0x0000000080000000, 0x0000000082b00000, 0x00000000d5580000)
  object space 44032K, 15% used [0x0000000080000000,0x000000008068d048,0x0000000082b00000)
 Metaspace       used 20590K, capacity 21224K, committed 21296K, reserved 1067008K
  class space    used 2873K, capacity 3076K, committed 3120K, reserved 1048576K
Event: 9.595 GC heap after
Heap after GC invocations=10 (full 1):
 PSYoungGen      total 71680K, used 0K [0x00000000d5580000, 0x00000000dc980000, 0x0000000100000000)
  eden space 64512K, 0% used [0x00000000d5580000,0x00000000d5580000,0x00000000d9480000)
  from space 7168K, 0% used [0x00000000d9480000,0x00000000d9480000,0x00000000d9b80000)
  to   space 7680K, 0% used [0x00000000dc200000,0x00000000dc200000,0x00000000dc980000)
 ParOldGen       total 33792K, used 9318K [0x0000000080000000, 0x0000000082100000, 0x00000000d5580000)
  object space 33792K, 27% used [0x0000000080000000,0x00000000809198f0,0x0000000082100000)
 Metaspace       used 20590K, capacity 21224K, committed 21296K, reserved 1067008K
  class space    used 2873K, capacity 3076K, committed 3120K, reserved 1048576K
}
Event: 11.300 GC heap before
{Heap before GC invocations=11 (full 1):
 PSYoungGen      total 71680K, used 64512K [0x00000000d5580000, 0x00000000dc980000, 0x0000000100000000)
  eden space 64512K, 100% used [0x00000000d5580000,0x00000000d9480000,0x00000000d9480000)
  from space 7168K, 0% used [0x00000000d9480000,0x00000000d9480000,0x00000000d9b80000)
  to   space 7680K, 0% used [0x00000000dc200000,0x00000000dc200000,0x00000000dc980000)
 ParOldGen       total 33792K, used 9318K [0x0000000080000000, 0x0000000082100000, 0x00000000d5580000)
  object space 33792K, 27% used [0x0000000080000000,0x00000000809198f0,0x0000000082100000)
 Metaspace       used 28559K, capacity 29380K, committed 29616K, reserved 1075200K
  class space    used 3953K, capacity 4188K, committed 4272K, reserved 1048576K
Event: 11.338 GC heap after
Heap after GC invocations=11 (full 1):
 PSYoungGen      total 99328K, used 7657K [0x00000000d5580000, 0x00000000dc980000, 0x0000000100000000)
  eden space 91648K, 0% used [0x00000000d5580000,0x00000000d5580000,0x00000000daf00000)
  from space 7680K, 99% used [0x00000000dc200000,0x00000000dc97a640,0x00000000dc980000)
  to   space 8704K, 0% used [0x00000000db880000,0x00000000db880000,0x00000000dc100000)
 ParOldGen       total 33792K, used 9764K [0x0000000080000000, 0x0000000082100000, 0x00000000d5580000)
  object space 33792K, 28% used [0x0000000080000000,0x00000000809893f0,0x0000000082100000)
 Metaspace       used 28559K, capacity 29380K, committed 29616K, reserved 1075200K
  class space    used 3953K, capacity 4188K, committed 4272K, reserved 1048576K
}
Event: 13.828 GC heap before
{Heap before GC invocations=12 (full 1):
 PSYoungGen      total 99328K, used 99305K [0x00000000d5580000, 0x00000000dc980000, 0x0000000100000000)
  eden space 91648K, 100% used [0x00000000d5580000,0x00000000daf00000,0x00000000daf00000)
  from space 7680K, 99% used [0x00000000dc200000,0x00000000dc97a640,0x00000000dc980000)
  to   space 8704K, 0% used [0x00000000db880000,0x00000000db880000,0x00000000dc100000)
 ParOldGen       total 33792K, used 9764K [0x0000000080000000, 0x0000000082100000, 0x00000000d5580000)
  object space 33792K, 28% used [0x0000000080000000,0x00000000809893f0,0x0000000082100000)
 Metaspace       used 34141K, capacity 35252K, committed 35496K, reserved 1079296K
  class space    used 4698K, capacity 4969K, committed 5040K, reserved 1048576K
Event: 13.856 GC heap after
Heap after GC invocations=12 (full 1):
 PSYoungGen      total 110080K, used 7892K [0x00000000d5580000, 0x00000000de600000, 0x0000000100000000)
  eden space 101376K, 0% used [0x00000000d5580000,0x00000000d5580000,0x00000000db880000)
  from space 8704K, 90% used [0x00000000db880000,0x00000000dc0352f8,0x00000000dc100000)
  to   space 9728K, 0% used [0x00000000ddc80000,0x00000000ddc80000,0x00000000de600000)
 ParOldGen       total 33792K, used 12876K [0x0000000080000000, 0x0000000082100000, 0x00000000d5580000)
  object space 33792K, 38% used [0x0000000080000000,0x0000000080c93270,0x0000000082100000)
 Metaspace       used 34141K, capacity 35252K, committed 35496K, reserved 1079296K
  class space    used 4698K, capacity 4969K, committed 5040K, reserved 1048576K
}
Event: 13.899 GC heap before
{Heap before GC invocations=13 (full 1):
 PSYoungGen      total 110080K, used 13539K [0x00000000d5580000, 0x00000000de600000, 0x0000000100000000)
  eden space 101376K, 5% used [0x00000000d5580000,0x00000000d5b03af8,0x00000000db880000)
  from space 8704K, 90% used [0x00000000db880000,0x00000000dc0352f8,0x00000000dc100000)
  to   space 9728K, 0% used [0x00000000ddc80000,0x00000000ddc80000,0x00000000de600000)
 ParOldGen       total 33792K, used 12876K [0x0000000080000000, 0x0000000082100000, 0x00000000d5580000)
  object space 33792K, 38% used [0x0000000080000000,0x0000000080c93270,0x0000000082100000)
 Metaspace       used 34310K, capacity 35414K, committed 35496K, reserved 1079296K
  class space    used 4720K, capacity 5002K, committed 5040K, reserved 1048576K
Event: 13.910 GC heap after
Heap after GC invocations=13 (full 1):
 PSYoungGen      total 138240K, used 373K [0x00000000d5580000, 0x00000000e0000000, 0x0000000100000000)
  eden space 128512K, 0% used [0x00000000d5580000,0x00000000d5580000,0x00000000dd300000)
  from space 9728K, 3% used [0x00000000ddc80000,0x00000000ddcdd520,0x00000000de600000)
  to   space 9728K, 0% used [0x00000000dd300000,0x00000000dd300000,0x00000000ddc80000)
 ParOldGen       total 33792K, used 16482K [0x0000000080000000, 0x0000000082100000, 0x00000000d5580000)
  object space 33792K, 48% used [0x0000000080000000,0x00000000810188f0,0x0000000082100000)
 Metaspace       used 34310K, capacity 35414K, committed 35496K, reserved 1079296K
  class space    used 4720K, capacity 5002K, committed 5040K, reserved 1048576K
}
Event: 13.910 GC heap before
{Heap before GC invocations=14 (full 2):
 PSYoungGen      total 138240K, used 373K [0x00000000d5580000, 0x00000000e0000000, 0x0000000100000000)
  eden space 128512K, 0% used [0x00000000d5580000,0x00000000d5580000,0x00000000dd300000)
  from space 9728K, 3% used [0x00000000ddc80000,0x00000000ddcdd520,0x00000000de600000)
  to   space 9728K, 0% used [0x00000000dd300000,0x00000000dd300000,0x00000000ddc80000)
 ParOldGen       total 33792K, used 16482K [0x0000000080000000, 0x0000000082100000, 0x00000000d5580000)
  object space 33792K, 48% used [0x0000000080000000,0x00000000810188f0,0x0000000082100000)
 Metaspace       used 34310K, capacity 35414K, committed 35496K, reserved 1079296K
  class space    used 4720K, capacity 5002K, committed 5040K, reserved 1048576K
Event: 14.017 GC heap after
Heap after GC invocations=14 (full 2):
 PSYoungGen      total 138240K, used 0K [0x00000000d5580000, 0x00000000e0000000, 0x0000000100000000)
  eden space 128512K, 0% used [0x00000000d5580000,0x00000000d5580000,0x00000000dd300000)
  from space 9728K, 0% used [0x00000000ddc80000,0x00000000ddc80000,0x00000000de600000)
  to   space 9728K, 0% used [0x00000000dd300000,0x00000000dd300000,0x00000000ddc80000)
 ParOldGen       total 44544K, used 13445K [0x0000000080000000, 0x0000000082b80000, 0x00000000d5580000)
  object space 44544K, 30% used [0x0000000080000000,0x0000000080d21770,0x0000000082b80000)
 Metaspace       used 34310K, capacity 35414K, committed 35496K, reserved 1079296K
  class space    used 4720K, capacity 5002K, committed 5040K, reserved 1048576K
}

